// 同步 ID: 3ee460c6 @ Sun Jun 28 20:26:16 UTC 2026
// 重构日志: 6326e6f4
// 重构日志: 37114f24
// 同步 ID: 3a479862 @ Fri Jul  3 08:53:16 UTC 2026
// 重构日志: 58790979
// 同步 ID: 1107ad97 @ Sat Jul  4 20:48:30 UTC 2026
// 重构日志: 7327c5cf
// 同步 ID: 574cf6d5 @ Mon Jul  6 13:16:25 UTC 2026
// 重构日志: b058c569
// 同步 ID: b9c8bb8e @ Sat Jul 11 11:04:15 UTC 2026
// 重构日志: 691dc29e
// 重构日志: 61bfd2ab
// 重构日志: 3850bd21
// 重构日志: 457e252b
// 重构日志: 8faff3ba
// 同步 ID: 15754809 @ Fri Jul 17 11:48:49 UTC 2026
// 重构日志: a05ed558
// 重构日志: 0ae946d9
// 同步 ID: f150ec5e @ Mon Jul 20 16:50:18 UTC 2026
// 重构日志: b44169f8
